2025-08-17 12:39:06,738 [INFO] Prepared 80 samples for sweep (20 per airfoil)
2025-08-17 12:39:06,786 [INFO] Progress: 1/80 (ok=1, skipped=0, err=0)
2025-08-17 12:39:06,787 [INFO] Progress: 2/80 (ok=2, skipped=0, err=0)
2025-08-17 12:39:06,788 [INFO] Progress: 3/80 (ok=3, skipped=0, err=0)
2025-08-17 12:39:06,789 [INFO] Progress: 4/80 (ok=4, skipped=0, err=0)
2025-08-17 12:39:06,789 [INFO] Progress: 5/80 (ok=5, skipped=0, err=0)
2025-08-17 12:39:06,790 [INFO] Progress: 6/80 (ok=6, skipped=0, err=0)
2025-08-17 12:39:06,791 [INFO] Progress: 7/80 (ok=7, skipped=0, err=0)
2025-08-17 12:39:06,791 [INFO] Progress: 8/80 (ok=8, skipped=0, err=0)
2025-08-17 12:39:06,792 [INFO] Progress: 9/80 (ok=9, skipped=0, err=0)
2025-08-17 12:39:06,793 [INFO] Progress: 10/80 (ok=10, skipped=0, err=0)
2025-08-17 12:39:06,793 [INFO] Progress: 11/80 (ok=11, skipped=0, err=0)
2025-08-17 12:39:06,794 [INFO] Progress: 12/80 (ok=12, skipped=0, err=0)
2025-08-17 12:39:06,795 [INFO] Progress: 13/80 (ok=13, skipped=0, err=0)
2025-08-17 12:39:06,795 [INFO] Progress: 14/80 (ok=14, skipped=0, err=0)
2025-08-17 12:39:06,796 [INFO] Progress: 15/80 (ok=15, skipped=0, err=0)
2025-08-17 12:39:06,796 [INFO] Progress: 16/80 (ok=16, skipped=0, err=0)
2025-08-17 12:39:06,797 [INFO] Progress: 17/80 (ok=17, skipped=0, err=0)
2025-08-17 12:39:06,798 [INFO] Progress: 18/80 (ok=18, skipped=0, err=0)
2025-08-17 12:39:06,798 [INFO] Progress: 19/80 (ok=19, skipped=0, err=0)
2025-08-17 12:39:06,799 [INFO] Progress: 20/80 (ok=20, skipped=0, err=0)
2025-08-17 12:39:06,800 [INFO] Progress: 21/80 (ok=21, skipped=0, err=0)
2025-08-17 12:39:06,800 [INFO] Progress: 22/80 (ok=22, skipped=0, err=0)
2025-08-17 12:39:06,801 [INFO] Progress: 23/80 (ok=23, skipped=0, err=0)
2025-08-17 12:39:06,801 [INFO] Progress: 24/80 (ok=24, skipped=0, err=0)
2025-08-17 12:39:06,802 [INFO] Progress: 25/80 (ok=25, skipped=0, err=0)
2025-08-17 12:39:06,803 [INFO] Progress: 26/80 (ok=26, skipped=0, err=0)
2025-08-17 12:39:06,803 [INFO] Progress: 27/80 (ok=27, skipped=0, err=0)
2025-08-17 12:39:06,804 [INFO] Progress: 28/80 (ok=28, skipped=0, err=0)
2025-08-17 12:39:06,805 [INFO] Progress: 29/80 (ok=29, skipped=0, err=0)
2025-08-17 12:39:06,806 [INFO] Progress: 30/80 (ok=30, skipped=0, err=0)
2025-08-17 12:39:06,806 [INFO] Progress: 31/80 (ok=31, skipped=0, err=0)
2025-08-17 12:39:06,807 [INFO] Progress: 32/80 (ok=32, skipped=0, err=0)
2025-08-17 12:39:06,807 [INFO] Progress: 33/80 (ok=33, skipped=0, err=0)
2025-08-17 12:39:06,808 [INFO] Progress: 34/80 (ok=34, skipped=0, err=0)
2025-08-17 12:39:06,808 [INFO] Progress: 35/80 (ok=35, skipped=0, err=0)
2025-08-17 12:39:06,809 [INFO] Progress: 36/80 (ok=36, skipped=0, err=0)
2025-08-17 12:39:06,810 [INFO] Progress: 37/80 (ok=37, skipped=0, err=0)
2025-08-17 12:39:06,811 [INFO] Progress: 38/80 (ok=38, skipped=0, err=0)
2025-08-17 12:39:06,811 [INFO] Progress: 39/80 (ok=39, skipped=0, err=0)
2025-08-17 12:39:06,812 [INFO] Progress: 40/80 (ok=40, skipped=0, err=0)
2025-08-17 12:39:06,813 [INFO] Progress: 41/80 (ok=41, skipped=0, err=0)
2025-08-17 12:39:06,813 [INFO] Progress: 42/80 (ok=42, skipped=0, err=0)
2025-08-17 12:39:06,814 [INFO] Progress: 43/80 (ok=43, skipped=0, err=0)
2025-08-17 12:39:06,815 [INFO] Progress: 44/80 (ok=44, skipped=0, err=0)
2025-08-17 12:39:06,815 [INFO] Progress: 45/80 (ok=45, skipped=0, err=0)
2025-08-17 12:39:06,816 [INFO] Progress: 46/80 (ok=46, skipped=0, err=0)
2025-08-17 12:39:06,817 [INFO] Progress: 47/80 (ok=47, skipped=0, err=0)
2025-08-17 12:39:06,818 [INFO] Progress: 48/80 (ok=48, skipped=0, err=0)
2025-08-17 12:39:06,819 [INFO] Progress: 49/80 (ok=49, skipped=0, err=0)
2025-08-17 12:39:06,820 [INFO] Progress: 50/80 (ok=50, skipped=0, err=0)
2025-08-17 12:39:06,821 [INFO] Progress: 51/80 (ok=51, skipped=0, err=0)
2025-08-17 12:39:06,822 [INFO] Progress: 52/80 (ok=52, skipped=0, err=0)
2025-08-17 12:39:06,822 [INFO] Progress: 53/80 (ok=53, skipped=0, err=0)
2025-08-17 12:39:06,823 [INFO] Progress: 54/80 (ok=54, skipped=0, err=0)
2025-08-17 12:39:06,823 [INFO] Progress: 55/80 (ok=55, skipped=0, err=0)
2025-08-17 12:39:06,824 [INFO] Progress: 56/80 (ok=56, skipped=0, err=0)
2025-08-17 12:39:06,825 [INFO] Progress: 57/80 (ok=57, skipped=0, err=0)
2025-08-17 12:39:06,826 [INFO] Progress: 58/80 (ok=58, skipped=0, err=0)
2025-08-17 12:39:06,826 [INFO] Progress: 59/80 (ok=59, skipped=0, err=0)
2025-08-17 12:39:06,827 [INFO] Progress: 60/80 (ok=60, skipped=0, err=0)
2025-08-17 12:39:06,828 [INFO] Progress: 61/80 (ok=61, skipped=0, err=0)
2025-08-17 12:39:06,828 [INFO] Progress: 62/80 (ok=62, skipped=0, err=0)
2025-08-17 12:39:06,829 [INFO] Progress: 63/80 (ok=63, skipped=0, err=0)
2025-08-17 12:39:06,830 [INFO] Progress: 64/80 (ok=64, skipped=0, err=0)
2025-08-17 12:39:06,830 [INFO] Progress: 65/80 (ok=65, skipped=0, err=0)
2025-08-17 12:39:06,831 [INFO] Progress: 66/80 (ok=66, skipped=0, err=0)
2025-08-17 12:39:06,832 [INFO] Progress: 67/80 (ok=67, skipped=0, err=0)
2025-08-17 12:39:06,832 [INFO] Progress: 68/80 (ok=68, skipped=0, err=0)
2025-08-17 12:39:06,833 [INFO] Progress: 69/80 (ok=69, skipped=0, err=0)
2025-08-17 12:39:06,833 [INFO] Progress: 70/80 (ok=70, skipped=0, err=0)
2025-08-17 12:39:06,834 [INFO] Progress: 71/80 (ok=71, skipped=0, err=0)
2025-08-17 12:39:06,835 [INFO] Progress: 72/80 (ok=72, skipped=0, err=0)
2025-08-17 12:39:06,835 [INFO] Progress: 73/80 (ok=73, skipped=0, err=0)
2025-08-17 12:39:06,836 [INFO] Progress: 74/80 (ok=74, skipped=0, err=0)
2025-08-17 12:39:06,837 [INFO] Progress: 75/80 (ok=75, skipped=0, err=0)
2025-08-17 12:39:06,837 [INFO] Progress: 76/80 (ok=76, skipped=0, err=0)
2025-08-17 12:39:06,838 [INFO] Progress: 77/80 (ok=77, skipped=0, err=0)
2025-08-17 12:39:06,839 [INFO] Progress: 78/80 (ok=78, skipped=0, err=0)
2025-08-17 12:39:06,840 [INFO] Progress: 79/80 (ok=79, skipped=0, err=0)
2025-08-17 12:39:06,840 [INFO] Progress: 80/80 (ok=80, skipped=0, err=0)
2025-08-17 12:39:06,845 [INFO] Sweep complete in 0.1s — ok=80, skipped=0, errors=0
2025-08-17 12:39:17,927 [INFO] Starting sweep with 80 simulations...
2025-08-17 12:39:17,951 [INFO] Skipped (weak lift): ('naca8304', np.float64(-10.0))
2025-08-17 12:39:17,952 [INFO] Skipped (weak lift): ('naca8304', np.float64(-8.68421052631579))
2025-08-17 12:39:17,952 [INFO] Skipped (weak lift): ('naca8304', np.float64(-7.368421052631579))
2025-08-17 12:39:17,952 [INFO] Skipped (weak lift): ('naca8304', np.float64(-6.052631578947368))
2025-08-17 12:39:17,952 [INFO] Skipped (weak lift): ('naca8304', np.float64(-4.7368421052631575))
2025-08-17 12:39:17,953 [INFO] Skipped (weak lift): ('naca8304', np.float64(-3.421052631578947))
2025-08-17 12:39:17,953 [INFO] Skipped (weak lift): ('naca8304', np.float64(0.526315789473685))
2025-08-17 12:39:17,953 [INFO] Skipped (weak lift): ('naca8304', np.float64(3.157894736842106))
2025-08-17 12:39:17,953 [INFO] Skipped (weak lift): ('naca8304', np.float64(4.473684210526317))
2025-08-17 12:39:17,953 [INFO] Skipped (weak lift): ('naca8304', np.float64(1.8421052631578956))
2025-08-17 12:39:17,953 [INFO] Skipped (weak lift): ('naca8304', np.float64(-2.1052631578947363))
2025-08-17 12:39:17,953 [INFO] Skipped (weak lift): ('naca8304', np.float64(-0.7894736842105257))
2025-08-17 12:39:17,953 [INFO] Skipped (weak lift): ('naca8304', np.float64(7.10526315789474))
2025-08-17 12:39:17,953 [INFO] Skipped (weak lift): ('naca8304', np.float64(8.421052631578949))
2025-08-17 12:39:17,953 [INFO] Skipped (weak lift): ('naca8304', np.float64(11.05263157894737))
2025-08-17 12:39:17,953 [INFO] Skipped (weak lift): ('naca8304', np.float64(9.736842105263158))
2025-08-17 12:39:17,955 [INFO] Skipped (weak lift): ('naca8304', np.float64(12.368421052631582))
2025-08-17 12:39:17,956 [INFO] Skipped (weak lift): ('naca8304', np.float64(5.789473684210527))
2025-08-17 12:39:17,956 [INFO] Skipped (weak lift): ('naca8304', np.float64(15.0))
2025-08-17 12:39:17,956 [INFO] Skipped (weak lift): ('naca8304', np.float64(13.684210526315791))
2025-08-17 12:39:17,956 [INFO] Skipped (weak lift): ('goe225', np.float64(-10.0))
2025-08-17 12:39:17,956 [INFO] Skipped (weak lift): ('goe225', np.float64(-8.68421052631579))
2025-08-17 12:39:17,956 [INFO] Skipped (weak lift): ('goe225', np.float64(-7.368421052631579))
2025-08-17 12:39:17,956 [INFO] Skipped (weak lift): ('goe225', np.float64(-6.052631578947368))
2025-08-17 12:39:17,956 [INFO] Skipped (weak lift): ('goe225', np.float64(-4.7368421052631575))
2025-08-17 12:39:17,956 [INFO] Skipped (weak lift): ('goe225', np.float64(-3.421052631578947))
2025-08-17 12:39:17,956 [INFO] Skipped (weak lift): ('goe225', np.float64(-2.1052631578947363))
2025-08-17 12:39:17,956 [INFO] Skipped (weak lift): ('goe225', np.float64(0.526315789473685))
2025-08-17 12:39:17,957 [INFO] Skipped (weak lift): ('goe225', np.float64(-0.7894736842105257))
2025-08-17 12:39:17,957 [INFO] Skipped (weak lift): ('goe225', np.float64(1.8421052631578956))
2025-08-17 12:39:17,957 [INFO] Skipped (weak lift): ('goe225', np.float64(3.157894736842106))
2025-08-17 12:39:17,957 [INFO] Skipped (weak lift): ('goe225', np.float64(5.789473684210527))
2025-08-17 12:39:17,957 [INFO] Skipped (weak lift): ('goe225', np.float64(4.473684210526317))
2025-08-17 12:39:17,957 [INFO] Skipped (weak lift): ('goe225', np.float64(7.10526315789474))
2025-08-17 12:39:17,957 [INFO] Skipped (weak lift): ('goe225', np.float64(9.736842105263158))
2025-08-17 12:39:17,957 [INFO] Skipped (weak lift): ('goe225', np.float64(8.421052631578949))
2025-08-17 12:39:17,957 [INFO] Skipped (weak lift): ('goe225', np.float64(11.05263157894737))
2025-08-17 12:39:17,957 [INFO] Skipped (weak lift): ('goe225', np.float64(13.684210526315791))
2025-08-17 12:39:17,957 [INFO] Skipped (weak lift): ('goe225', np.float64(15.0))
2025-08-17 12:39:17,957 [INFO] Skipped (weak lift): ('goe225', np.float64(12.368421052631582))
2025-08-17 12:39:17,957 [INFO] Skipped (weak lift): ('naca2412', np.float64(-10.0))
2025-08-17 12:39:17,957 [INFO] Skipped (weak lift): ('naca2412', np.float64(-8.68421052631579))
2025-08-17 12:39:17,957 [INFO] Skipped (weak lift): ('naca2412', np.float64(-7.368421052631579))
2025-08-17 12:39:17,957 [INFO] Skipped (weak lift): ('naca2412', np.float64(-6.052631578947368))
2025-08-17 12:39:17,957 [INFO] Skipped (weak lift): ('naca2412', np.float64(-4.7368421052631575))
2025-08-17 12:39:17,957 [INFO] Skipped (weak lift): ('naca2412', np.float64(-3.421052631578947))
2025-08-17 12:39:17,957 [INFO] Skipped (weak lift): ('naca2412', np.float64(-2.1052631578947363))
2025-08-17 12:39:17,957 [INFO] Skipped (weak lift): ('naca2412', np.float64(-0.7894736842105257))
2025-08-17 12:39:17,957 [INFO] Skipped (weak lift): ('naca2412', np.float64(0.526315789473685))
2025-08-17 12:39:17,957 [INFO] Skipped (weak lift): ('naca2412', np.float64(3.157894736842106))
2025-08-17 12:39:17,958 [INFO] Skipped (weak lift): ('naca2412', np.float64(1.8421052631578956))
2025-08-17 12:39:17,958 [INFO] Skipped (weak lift): ('naca2412', np.float64(4.473684210526317))
2025-08-17 12:39:17,958 [INFO] Skipped (weak lift): ('naca2412', np.float64(5.789473684210527))
2025-08-17 12:39:17,958 [INFO] Skipped (weak lift): ('naca2412', np.float64(7.10526315789474))
2025-08-17 12:39:17,958 [INFO] Skipped (weak lift): ('naca2412', np.float64(8.421052631578949))
2025-08-17 12:39:17,958 [INFO] Skipped (weak lift): ('naca2412', np.float64(11.05263157894737))
2025-08-17 12:39:17,958 [INFO] Skipped (weak lift): ('naca2412', np.float64(9.736842105263158))
2025-08-17 12:39:17,958 [INFO] Skipped (weak lift): ('naca2412', np.float64(12.368421052631582))
2025-08-17 12:39:17,958 [INFO] Skipped (weak lift): ('naca2412', np.float64(13.684210526315791))
2025-08-17 12:39:17,958 [INFO] Skipped (weak lift): ('naca2412', np.float64(15.0))
2025-08-17 12:39:17,958 [INFO] Skipped (weak lift): ('naca0012', np.float64(-8.68421052631579))
2025-08-17 12:39:17,958 [INFO] Skipped (weak lift): ('naca0012', np.float64(-10.0))
2025-08-17 12:39:17,958 [INFO] Skipped (weak lift): ('naca0012', np.float64(-6.052631578947368))
2025-08-17 12:39:17,958 [INFO] Skipped (weak lift): ('naca0012', np.float64(-7.368421052631579))
2025-08-17 12:39:17,958 [INFO] Skipped (weak lift): ('naca0012', np.float64(-4.7368421052631575))
2025-08-17 12:39:17,958 [INFO] Skipped (weak lift): ('naca0012', np.float64(-3.421052631578947))
2025-08-17 12:39:17,958 [INFO] Skipped (weak lift): ('naca0012', np.float64(-2.1052631578947363))
2025-08-17 12:39:17,958 [INFO] Skipped (weak lift): ('naca0012', np.float64(-0.7894736842105257))
2025-08-17 12:39:17,958 [INFO] Skipped (weak lift): ('naca0012', np.float64(0.526315789473685))
2025-08-17 12:39:17,958 [INFO] Skipped (weak lift): ('naca0012', np.float64(1.8421052631578956))
2025-08-17 12:39:17,958 [INFO] Skipped (weak lift): ('naca0012', np.float64(4.473684210526317))
2025-08-17 12:39:17,958 [INFO] Skipped (weak lift): ('naca0012', np.float64(3.157894736842106))
2025-08-17 12:39:17,958 [INFO] Skipped (weak lift): ('naca0012', np.float64(5.789473684210527))
2025-08-17 12:39:17,959 [INFO] Skipped (weak lift): ('naca0012', np.float64(8.421052631578949))
2025-08-17 12:39:17,959 [INFO] Skipped (weak lift): ('naca0012', np.float64(7.10526315789474))
2025-08-17 12:39:17,959 [INFO] Skipped (weak lift): ('naca0012', np.float64(9.736842105263158))
2025-08-17 12:39:17,959 [INFO] Skipped (weak lift): ('naca0012', np.float64(11.05263157894737))
2025-08-17 12:39:17,959 [INFO] Skipped (weak lift): ('naca0012', np.float64(13.684210526315791))
2025-08-17 12:39:17,959 [INFO] Skipped (weak lift): ('naca0012', np.float64(12.368421052631582))
2025-08-17 12:39:17,959 [INFO] Skipped (weak lift): ('naca0012', np.float64(15.0))
2025-08-17 12:39:17,962 [INFO] Finished sweep in 0.03s. Success: 0, Failed: 0
